<?xml version="1.0" encoding="UTF-8"?>
<testng-results ignored="0" total="1" passed="1" failed="0" skipped="0">
  <reporter-output>
  </reporter-output>
  <suite started-at="2025-05-21T16:21:47 IST" name="Surefire suite" finished-at="2025-05-21T16:21:56 IST" duration-ms="8811">
    <groups>
    </groups>
    <test started-at="2025-05-21T16:21:47 IST" name="Surefire test" finished-at="2025-05-21T16:21:56 IST" duration-ms="8811">
      <class name="mavenforjenkins.UITest">
        <test-method signature="StartBrowser()[pri:0, instance:mavenforjenkins.UITest@149e0f5d]" started-at="2025-05-21T16:21:47 IST" name="StartBrowser" finished-at="2025-05-21T16:21:56 IST" duration-ms="8736" status="PASS">
          <reporter-output>
          </reporter-output>
        </test-method> <!-- StartBrowser -->
      </class> <!-- mavenforjenkins.UITest -->
    </test> <!-- Surefire test -->
  </suite> <!-- Surefire suite -->
</testng-results>
