<?xml version="1.0" encoding="UTF-8"?>
<testng-results ignored="0" total="1" passed="1" failed="0" skipped="0">
  <reporter-output>
  </reporter-output>
  <suite started-at="2025-05-22T13:41:32 IST" name="Surefire suite" finished-at="2025-05-22T13:41:41 IST" duration-ms="8881">
    <groups>
    </groups>
    <test started-at="2025-05-22T13:41:32 IST" name="Surefire test" finished-at="2025-05-22T13:41:41 IST" duration-ms="8881">
      <class name="mavenforjenkins.UITest">
        <test-method signature="StartBrowser(java.lang.String)[pri:0, instance:mavenforjenkins.UITest@ef9296d]" started-at="2025-05-22T13:41:32 IST" name="StartBrowser" finished-at="2025-05-22T13:41:41 IST" duration-ms="8799" status="PASS">
          <params>
            <param index="0">
              <value>
                <![CDATA[Chrome]]>
              </value>
            </param>
          </params>
          <reporter-output>
          </reporter-output>
        </test-method> <!-- StartBrowser -->
      </class> <!-- mavenforjenkins.UITest -->
    </test> <!-- Surefire test -->
  </suite> <!-- Surefire suite -->
</testng-results>
