<?xml version="1.0" encoding="UTF-8"?>
<testng-results ignored="0" total="1" passed="1" failed="0" skipped="0">
  <reporter-output>
  </reporter-output>
  <suite started-at="2025-05-21T15:54:01 IST" name="Default suite" finished-at="2025-05-21T15:54:17 IST" duration-ms="16036">
    <groups>
    </groups>
    <test started-at="2025-05-21T15:54:01 IST" name="Default test" finished-at="2025-05-21T15:54:17 IST" duration-ms="16036">
      <class name="mavenforjenkins.UITest">
        <test-method signature="StartBrowser()[pri:0, instance:mavenforjenkins.UITest@6c6cb480]" started-at="2025-05-21T15:54:01 IST" name="StartBrowser" finished-at="2025-05-21T15:54:17 IST" duration-ms="15943" status="PASS">
          <reporter-output>
          </reporter-output>
        </test-method> <!-- StartBrowser -->
      </class> <!-- mavenforjenkins.UITest -->
    </test> <!-- Default test -->
  </suite> <!-- Default suite -->
</testng-results>
