<?xml version="1.0" encoding="UTF-8"?>
<testng-results ignored="0" total="1" passed="1" failed="0" skipped="0">
  <reporter-output>
  </reporter-output>
  <suite started-at="2025-05-22T13:38:51 IST" name="Default suite" finished-at="2025-05-22T13:39:00 IST" duration-ms="9352">
    <groups>
    </groups>
    <test started-at="2025-05-22T13:38:51 IST" name="Default test" finished-at="2025-05-22T13:39:00 IST" duration-ms="9352">
      <class name="mavenforjenkins.UITest">
        <test-method signature="StartBrowser(java.lang.String)[pri:0, instance:mavenforjenkins.UITest@292b08d6]" started-at="2025-05-22T13:38:51 IST" name="StartBrowser" finished-at="2025-05-22T13:39:00 IST" duration-ms="9243" status="PASS">
          <params>
            <param index="0">
              <value>
                <![CDATA[Chrome]]>
              </value>
            </param>
          </params>
          <reporter-output>
          </reporter-output>
        </test-method> <!-- StartBrowser -->
      </class> <!-- mavenforjenkins.UITest -->
    </test> <!-- Default test -->
  </suite> <!-- Default suite -->
</testng-results>
